

Version:	3.50
CmdLine:	C:\Users\emily\Documents\GitHub\book_application\deployment\CustomerBook_beta_1.0.exe --l4j-debug
JNI:		No
WOW64:		Yes
Working dir:	C:\Users\emily\Documents\GitHub\book_application\deployment\.
Requires JDK:	Yes
Requires 64-Bit: No
Java min ver:	
Java max ver:	
Substitute:	JAVA_HOME = C:\Program Files\Java\jdk1.8.0_202
Substitute:	PATH = C:\Program Files\Common Files\Oracle\Java\javapath;C:\Program Files (x86)\Common Files\Oracle\Java\javapath;C:\Program Files\Eclipse Adoptium\jdk-8.0.362.9-hotspot\bin;C:\Python311\Scripts\;C:\Python311\;C:\Program Files (x86)\Razer Chroma SDK\bin;C:\Program Files\Razer Chroma SDK\bin;C:\Program Files (x86)\Razer\ChromaBroadcast\bin;C:\Program Files\Razer\ChromaBroadcast\bin;C:\WINDOWS\system32;C:\WINDOWS;C:\WINDOWS\System32\Wbem;C:\WINDOWS\System32\WindowsPowerShell\v1.0\;C:\WINDOWS\System32\OpenSSH\;C:\WINDOWS\system32\config\systemprofile\AppData\Local\Microsoft\WindowsApps;C:\WINDOWS\system32;C:\WINDOWS;C:\WINDOWS\System32\Wbem;C:\WINDOWS\System32\WindowsPowerShell\v1.0\;C:\WINDOWS\System32\OpenSSH\;C:\Program Files\Git\cmd;C:\Program Files\nodejs\;C:\ProgramData\chocolatey\bin;C:\Program Files\Docker\Docker\resources\bin;C:\Program Files\Maven\apache-maven-3.9.1\bin;C:\Program Files\PuTTY\;C:\Program Files (x86)\NVIDIA Corporation\PhysX\Common;C:\Program Files\NVIDIA Corporation\NVIDIA NvDLISR;C:\Program Files\MySQL\MySQL Utilities 1.6\;C:\Program Files\MySQL\MySQL Shell 8.0\bin\;C:\Users\emily\AppData\Local\Microsoft\WindowsApps;C:\Users\emily\AppData\Local\Programs\Microsoft VS Code\bin;C:\Users\emily\AppData\Local\GitHubDesktop\bin;C:\Users\emily\AppData\Roaming\npm;C:\Users\emily\AppData\Local\gitkraken\bin;C:\Program Files\Java\jdk1.8.0_202\bin
JRE paths:	C:\Program Files\Java\jdk1.8.0_202;C:\Program Files\Common Files\Oracle\Java\javapath;C:\Program Files (x86)\Common Files\Oracle\Java\javapath;C:\Program Files\Eclipse Adoptium\jdk-8.0.362.9-hotspot\bin;C:\Python311\Scripts\;C:\Python311\;C:\Program Files (x86)\Razer Chroma SDK\bin;C:\Program Files\Razer Chroma SDK\bin;C:\Program Files (x86)\Razer\ChromaBroadcast\bin;C:\Program Files\Razer\ChromaBroadcast\bin;C:\WINDOWS\system32;C:\WINDOWS;C:\WINDOWS\System32\Wbem;C:\WINDOWS\System32\WindowsPowerShell\v1.0\;C:\WINDOWS\System32\OpenSSH\;C:\WINDOWS\system32\config\systemprofile\AppData\Local\Microsoft\WindowsApps;C:\WINDOWS\system32;C:\WINDOWS;C:\WINDOWS\System32\Wbem;C:\WINDOWS\System32\WindowsPowerShell\v1.0\;C:\WINDOWS\System32\OpenSSH\;C:\Program Files\Git\cmd;C:\Program Files\nodejs\;C:\ProgramData\chocolatey\bin;C:\Program Files\Docker\Docker\resources\bin;C:\Program Files\Maven\apache-maven-3.9.1\bin;C:\Program Files\PuTTY\;C:\Program Files (x86)\NVIDIA Corporation\PhysX\Common;C:\Program Files\NVIDIA Corporation\NVIDIA NvDLISR;C:\Program Files\MySQL\MySQL Utilities 1.6\;C:\Program Files\MySQL\MySQL Shell 8.0\bin\;C:\Users\emily\AppData\Local\Microsoft\WindowsApps;C:\Users\emily\AppData\Local\Programs\Microsoft VS Code\bin;C:\Users\emily\AppData\Local\GitHubDesktop\bin;C:\Users\emily\AppData\Roaming\npm;C:\Users\emily\AppData\Local\gitkraken\bin;C:\Program Files\Java\jdk1.8.0_202\bin
Check launcher:	C:\Program Files\Java\jdk1.8.0_202\bin\javaw.exe (OK)
Check javac:	C:\Program Files\Java\jdk1.8.0_202\bin\javac.exe (OK)
Version string: 1.008.000_202 / 64-Bit (OK)
Launcher:	C:\Program Files\Java\jdk1.8.0_202\bin\javaw.exe
Launcher args:	-jar "C:\Users\emily\Documents\GitHub\book_application\deployment\CustomerBook_beta_1.0.exe"
Args length:	92/32768 chars
Exit code:	0


Version:	3.50
CmdLine:	C:\Users\emily\Documents\GitHub\book_application\deployment\CustomerBook_beta_1.0.exe --l4j-debug
JNI:		No
WOW64:		Yes
Working dir:	C:\Users\emily\Documents\GitHub\book_application\deployment\.
Requires JDK:	No
Requires 64-Bit: No
Java min ver:	
Java max ver:	
Substitute:	JAVA_HOME = C:\Program Files\Java\jdk-17
Substitute:	PATH = C:\Program Files\Common Files\Oracle\Java\javapath;C:\Program Files (x86)\Common Files\Oracle\Java\javapath;C:\Program Files\Eclipse Adoptium\jdk-8.0.362.9-hotspot\bin;C:\Python311\Scripts\;C:\Python311\;C:\Program Files (x86)\Razer Chroma SDK\bin;C:\Program Files\Razer Chroma SDK\bin;C:\Program Files (x86)\Razer\ChromaBroadcast\bin;C:\Program Files\Razer\ChromaBroadcast\bin;C:\WINDOWS\system32;C:\WINDOWS;C:\WINDOWS\System32\Wbem;C:\WINDOWS\System32\WindowsPowerShell\v1.0\;C:\WINDOWS\System32\OpenSSH\;C:\WINDOWS\system32\config\systemprofile\AppData\Local\Microsoft\WindowsApps;C:\WINDOWS\system32;C:\WINDOWS;C:\WINDOWS\System32\Wbem;C:\WINDOWS\System32\WindowsPowerShell\v1.0\;C:\WINDOWS\System32\OpenSSH\;C:\Program Files\Git\cmd;C:\Program Files\nodejs\;C:\ProgramData\chocolatey\bin;C:\Program Files\Docker\Docker\resources\bin;C:\Program Files\Maven\apache-maven-3.9.1\bin;C:\Program Files\PuTTY\;C:\Program Files (x86)\NVIDIA Corporation\PhysX\Common;C:\Program Files\NVIDIA Corporation\NVIDIA NvDLISR;C:\Program Files\MySQL\MySQL Utilities 1.6\;C:\Program Files\Java\jdk-17\jdk1.8.0_202\bin;C:\Program Files\Common Files\Oracle\Java\javapath;C:\Program Files (x86)\Common Files\Oracle\Java\javapath;C:\Program Files\Eclipse Adoptium\jdk-8.0.362.9-hotspot\bin;C:\Python311\Scripts\;C:\Python311\;C:\Program Files (x86)\Razer Chroma SDK\bin;C:\Program Files\Razer Chroma SDK\bin;C:\Program Files (x86)\Razer\ChromaBroadcast\bin;C:\Program Files\Razer\ChromaBroadcast\bin;C:\WINDOWS\system32;C:\WINDOWS;C:\WINDOWS\System32\Wbem;C:\WINDOWS\System32\WindowsPowerShell\v1.0\;C:\WINDOWS\System32\OpenSSH\;C:\WINDOWS\system32\config\systemprofile\AppData\Local\Microsoft\WindowsApps;C:\WINDOWS\system32;C:\WINDOWS;C:\WINDOWS\System32\Wbem;C:\WINDOWS\System32\WindowsPowerShell\v1.0\;C:\WINDOWS\System32\OpenSSH\;C:\Program Files\Git\cmd;C:\Program Files\nodejs\;C:\ProgramData\chocolatey\bin;C:\Program Files\Docker\Docker\resources\bin;C:\Program Files\Maven\apache-maven-3.9.1\bin;C:\Program Files\PuTTY\;C:\Program Files (x86)\NVIDIA Corporation\PhysX\Common;C:\Program File;C:\Program Files\Java\jdk-17\bin
JRE paths:	C:\Program Files\Java\jdk-17;C:\Program Files\Common Files\Oracle\Java\javapath;C:\Program Files (x86)\Common Files\Oracle\Java\javapath;C:\Program Files\Eclipse Adoptium\jdk-8.0.362.9-hotspot\bin;C:\Python311\Scripts\;C:\Python311\;C:\Program Files (x86)\Razer Chroma SDK\bin;C:\Program Files\Razer Chroma SDK\bin;C:\Program Files (x86)\Razer\ChromaBroadcast\bin;C:\Program Files\Razer\ChromaBroadcast\bin;C:\WINDOWS\system32;C:\WINDOWS;C:\WINDOWS\System32\Wbem;C:\WINDOWS\System32\WindowsPowerShell\v1.0\;C:\WINDOWS\System32\OpenSSH\;C:\WINDOWS\system32\config\systemprofile\AppData\Local\Microsoft\WindowsApps;C:\WINDOWS\system32;C:\WINDOWS;C:\WINDOWS\System32\Wbem;C:\WINDOWS\System32\WindowsPowerShell\v1.0\;C:\WINDOWS\System32\OpenSSH\;C:\Program Files\Git\cmd;C:\Program Files\nodejs\;C:\ProgramData\chocolatey\bin;C:\Program Files\Docker\Docker\resources\bin;C:\Program Files\Maven\apache-maven-3.9.1\bin;C:\Program Files\PuTTY\;C:\Program Files (x86)\NVIDIA Corporation\PhysX\Common;C:\Program Files\NVIDIA Corporation\NVIDIA NvDLISR;C:\Program Files\MySQL\MySQL Utilities 1.6\;C:\Program Files\Java\jdk-17\jdk1.8.0_202\bin;C:\Program Files\Common Files\Oracle\Java\javapath;C:\Program Files (x86)\Common Files\Oracle\Java\javapath;C:\Program Files\Eclipse Adoptium\jdk-8.0.362.9-hotspot\bin;C:\Python311\Scripts\;C:\Python311\;C:\Program Files (x86)\Razer Chroma SDK\bin;C:\Program Files\Razer Chroma SDK\bin;C:\Program Files (x86)\Razer\ChromaBroadcast\bin;C:\Program Files\Razer\ChromaBroadcast\bin;C:\WINDOWS\system32;C:\WINDOWS;C:\WINDOWS\System32\Wbem;C:\WINDOWS\System32\WindowsPowerShell\v1.0\;C:\WINDOWS\System32\OpenSSH\;C:\WINDOWS\system32\config\systemprofile\AppData\Local\Microsoft\WindowsApps;C:\WINDOWS\system32;C:\WINDOWS;C:\WINDOWS\System32\Wbem;C:\WINDOWS\System32\WindowsPowerShell\v1.0\;C:\WINDOWS\System32\OpenSSH\;C:\Program Files\Git\cmd;C:\Program Files\nodejs\;C:\ProgramData\chocolatey\bin;C:\Program Files\Docker\Docker\resources\bin;C:\Program Files\Maven\apache-maven-3.9.1\bin;C:\Program Files\PuTTY\;C:\Program Files (x86)\NVIDIA Corporation\PhysX\Common;C:\Program File;C:\Program Files\Java\jdk-17\bin
Check launcher:	C:\Program Files\Java\jdk-17\bin\javaw.exe (OK)
Version string: 1.017.000_009 / 64-Bit (OK)
Launcher:	C:\Program Files\Java\jdk-17\bin\javaw.exe
Launcher args:	-jar "C:\Users\emily\Documents\GitHub\book_application\deployment\CustomerBook_beta_1.0.exe"
Args length:	92/32768 chars
Exit code:	0
